{
  "RSpec": {
    "coverage": {
      "/home/ubuntu/workspace/SELT_Project/app/helpers/application_helper.rb": [
        1,
        null
      ],
      "/home/ubuntu/workspace/SELT_Project/app/controllers/users_controller.rb": [
        1,
        null,
        1,
        null,
        1,
        0,
        null,
        null,
        1,
        0,
        0,
        0,
        null,
        null,
        null,
        null,
        1,
        0,
        0,
        0,
        null,
        null,
        null,
        1,
        0,
        null,
        null,
        1,
        3,
        2,
        2,
        2,
        null,
        1,
        1,
        null,
        1,
        1,
        null,
        null,
        1,
        1,
        null,
        null,
        null,
        1,
        0,
        null,
        null,
        1,
        0,
        0,
        0,
        null,
        0,
        0,
        null,
        null,
        null,
        1,
        0,
        0,
        0,
        0,
        0,
        null,
        0,
        0,
        null,
        null,
        null,
        1,
        0,
        0,
        0,
        0,
        null,
        0,
        null,
        0,
        null,
        null,
        null,
        null,
        null,
        null,
        null,
        null,
        null,
        null,
        null,
        null,
        null,
        null
      ],
      "/home/ubuntu/workspace/SELT_Project/app/controllers/application_controller.rb": [
        1,
        null,
        null,
        1,
        null,
        1,
        4,
        2,
        null,
        2,
        null,
        null,
        1,
        1,
        4,
        4,
        null,
        null,
        1,
        0,
        null,
        null
      ],
      "/home/ubuntu/workspace/SELT_Project/app/controllers/sessions_controller.rb": [
        1,
        1,
        null,
        1,
        2,
        1,
        1,
        null,
        null,
        null,
        null,
        1,
        6,
        6,
        6,
        null,
        4,
        4,
        4,
        null,
        0,
        null,
        4,
        null,
        2,
        2,
        null,
        null,
        null,
        1,
        3,
        3,
        3,
        3,
        null,
        null
      ],
      "/home/ubuntu/workspace/SELT_Project/app/controllers/assignments_controller.rb": [
        1,
        1,
        null,
        1,
        7,
        7,
        7,
        6,
        null,
        1,
        null,
        null,
        null,
        7,
        6,
        null,
        1,
        null,
        null,
        7,
        1,
        1,
        1,
        6,
        1,
        5,
        1,
        null,
        null,
        null,
        null,
        null,
        1,
        4,
        4,
        3,
        3,
        1,
        2,
        0,
        null,
        1,
        1,
        null,
        4,
        null,
        null,
        1,
        2,
        2,
        2,
        2,
        2,
        0,
        0,
        null,
        null,
        2,
        null,
        null,
        1,
        2,
        2,
        2,
        null,
        2,
        1,
        null,
        1,
        null,
        null,
        2,
        null,
        null,
        null
      ],
      "/home/ubuntu/workspace/SELT_Project/app/controllers/courses_controller.rb": [
        1,
        1,
        null,
        1,
        0,
        null,
        null,
        1,
        null,
        null,
        null,
        1,
        0,
        0,
        null,
        null,
        1,
        0,
        null,
        null,
        1,
        0,
        null,
        0,
        0,
        0,
        null,
        0,
        0,
        null,
        null,
        null,
        1,
        0,
        0,
        0,
        0,
        null,
        null,
        1,
        0,
        null,
        null,
        1,
        0,
        0,
        0,
        0,
        null,
        null
      ],
      "/home/ubuntu/workspace/SELT_Project/app/controllers/grades_controller.rb": [
        1,
        1,
        null,
        1,
        null,
        null,
        null,
        1,
        1,
        0,
        0,
        0,
        0,
        null,
        0,
        null,
        null,
        0,
        null,
        1,
        1,
        null,
        null,
        null,
        1,
        null,
        null,
        null,
        1,
        1,
        1,
        1,
        null,
        0,
        0,
        0,
        null,
        0,
        0,
        0,
        null,
        null,
        null,
        null
      ],
      "/home/ubuntu/workspace/SELT_Project/app/models/user.rb": [
        1,
        1,
        1,
        null,
        1,
        1,
        null,
        null,
        null,
        null,
        null,
        null,
        1,
        1,
        13,
        null,
        null
      ],
      "/home/ubuntu/workspace/SELT_Project/app/models/course.rb": [
        1,
        1,
        1,
        null,
        1,
        1,
        1,
        null,
        null
      ],
      "/home/ubuntu/workspace/SELT_Project/app/models/assignment.rb": [
        1,
        1,
        1,
        null,
        1,
        9,
        2,
        null,
        7,
        3,
        null,
        4,
        null,
        4,
        null,
        null,
        1,
        2,
        2,
        null,
        0,
        0,
        null,
        0,
        0,
        0,
        0,
        0,
        0,
        null,
        null,
        1,
        4,
        1,
        null,
        3,
        null,
        null,
        null,
        1,
        11,
        8,
        null,
        3,
        null,
        null,
        null,
        1,
        9,
        0,
        null,
        9,
        4,
        null,
        5,
        null,
        null,
        1,
        7,
        4,
        3,
        null,
        1,
        null,
        null,
        7,
        0,
        null,
        7,
        null,
        null,
        1,
        null,
        4,
        null,
        1,
        null,
        null
      ]
    },
    "timestamp": 1448082511
  }
}
